
20-03-07 17:17:20-06 [-] LockHandler on dave(account 1): access type 'examine' changed from 'examine:perm(Admin)' to 'examine:perm(Admin)' 
LockHandler on dave(account 1): access type 'edit' changed from 'edit:perm(Admin)' to 'edit:perm(Admin)' 
LockHandler on dave(account 1): access type 'delete' changed from 'delete:perm(Admin)' to 'delete:perm(Admin)' 
LockHandler on dave(account 1): access type 'boot' changed from 'boot:perm(Admin)' to 'boot:perm(Admin)' 
LockHandler on dave(account 1): access type 'msg' changed from 'msg:all()' to 'msg:all()' 
LockHandler on dave(account 1): access type 'noidletimeout' changed from 'noidletimeout:perm(Builder) or perm(noidletimeout)' to 'noidletimeout:perm(Builder) or perm(noidletimeout)'
20-03-07 17:17:20-06 [-] LockHandler on dave(account 1): access type 'examine' changed from 'examine:perm(Admin)' to 'examine:perm(Developer)' 
LockHandler on dave(account 1): access type 'edit' changed from 'edit:perm(Admin)' to 'edit:false()' 
LockHandler on dave(account 1): access type 'delete' changed from 'delete:perm(Admin)' to 'delete:false()' 
LockHandler on dave(account 1): access type 'boot' changed from 'boot:perm(Admin)' to 'boot:false()' 
LockHandler on dave(account 1): access type 'msg' changed from 'msg:all()' to 'msg:all()'
20-03-07 17:17:20-06 [-] LockHandler on dave: access type 'get' changed from 'get:all()' to 'get:false()' 
LockHandler on dave: access type 'call' changed from 'call:true()' to 'call:false()'
20-03-07 17:17:20-06 [-] LockHandler on dave: access type 'examine' changed from 'examine:perm(Builder)' to 'examine:perm(Developer)' 
LockHandler on dave: access type 'edit' changed from 'edit:perm(Admin)' to 'edit:false()' 
LockHandler on dave: access type 'delete' changed from 'delete:perm(Admin)' to 'delete:false()' 
LockHandler on dave: access type 'puppet' changed from 'puppet:pperm(Developer)' to 'puppet:false()'
20-03-07 17:17:20-06 [-] LockHandler on Limbo: access type 'get' changed from 'get:all()' to 'get:false()' 
LockHandler on Limbo: access type 'puppet' changed from 'puppet:pperm(Developer)' to 'puppet:false()'
20-03-07 17:17:20-06 [-] LockHandler on Channel 'MudInfo' (None): access type 'control' changed from 'control:perm(Admin)' to 'control:perm(Developer)' 
LockHandler on Channel 'MudInfo' (None): access type 'listen' changed from 'listen:all()' to 'listen:perm(Admin)' 
LockHandler on Channel 'MudInfo' (None): access type 'send' changed from 'send:all()' to 'send:false()'
20-03-07 17:17:20-06 [-] LockHandler on Channel 'Public' (None): access type 'control' changed from 'control:perm(Admin)' to 'control:perm(Admin)' 
LockHandler on Channel 'Public' (None): access type 'listen' changed from 'listen:all()' to 'listen:all()' 
LockHandler on Channel 'Public' (None): access type 'send' changed from 'send:all()' to 'send:all()'
20-03-11 08:18:48-05 [-] LockHandler on Dave's Laboratory: access type 'get' changed from 'get:all()' to 'get:false()' 
LockHandler on Dave's Laboratory: access type 'puppet' changed from 'puppet:pperm(Developer)' to 'puppet:false()'
20-03-11 08:18:49-05 [-] LockHandler on Dave's Laboratory: access type 'control' changed from 'control:perm(Developer)' to 'control:id(1) or perm(Admin)' 
LockHandler on Dave's Laboratory: access type 'delete' changed from 'delete:perm(Admin)' to ' delete:id(1) or perm(Admin)' 
LockHandler on Dave's Laboratory: access type 'edit' changed from 'edit:perm(Admin)' to ' edit:id(1) or perm(Admin)'
20-03-11 23:15:04-05 [-] LockHandler on Dave's Reception Area: access type 'get' changed from 'get:all()' to 'get:false()' 
LockHandler on Dave's Reception Area: access type 'puppet' changed from 'puppet:pperm(Developer)' to 'puppet:false()'
20-03-11 23:15:04-05 [-] LockHandler on Dave's Reception Area: access type 'control' changed from 'control:perm(Developer)' to 'control:id(1) or perm(Admin)' 
LockHandler on Dave's Reception Area: access type 'delete' changed from 'delete:perm(Admin)' to ' delete:id(1) or perm(Admin)' 
LockHandler on Dave's Reception Area: access type 'edit' changed from 'edit:perm(Admin)' to ' edit:id(1) or perm(Admin)'
20-03-11 23:16:28-05 [-] LockHandler on #4: access type 'get' changed from 'get:all()' to 'get:false()' 
LockHandler on #4: access type 'puppet' changed from 'puppet:pperm(Developer)' to 'puppet:false()'
20-03-11 23:16:28-05 [-] LockHandler on #4: access type 'control' changed from 'control:perm(Developer)' to 'control:id(1) or perm(Admin)' 
LockHandler on #4: access type 'delete' changed from 'delete:perm(Admin)' to ' delete:id(1) or perm(Admin)' 
LockHandler on #4: access type 'edit' changed from 'edit:perm(Admin)' to ' edit:id(1) or perm(Admin)'
20-03-11 23:16:28-05 [-] LockHandler on south: access type 'puppet' changed from 'puppet:pperm(Developer)' to 'puppet:false()' 
LockHandler on south: access type 'get' changed from 'get:all()' to 'get:false()'
20-03-11 23:16:28-05 [-] LockHandler on south: access type 'control' changed from 'control:perm(Developer)' to 'control:id(1) or perm(Admin)' 
LockHandler on south: access type 'delete' changed from 'delete:perm(Admin)' to ' delete:id(1) or perm(Admin)' 
LockHandler on south: access type 'edit' changed from 'edit:perm(Admin)' to ' edit:id(1) or perm(Admin)'
20-03-11 23:16:28-05 [-] LockHandler on north: access type 'puppet' changed from 'puppet:pperm(Developer)' to 'puppet:false()' 
LockHandler on north: access type 'get' changed from 'get:all()' to 'get:false()'
20-03-11 23:16:28-05 [-] LockHandler on north: access type 'control' changed from 'control:perm(Developer)' to 'control:id(1) or perm(Admin)' 
LockHandler on north: access type 'delete' changed from 'delete:perm(Admin)' to ' delete:id(1) or perm(Admin)' 
LockHandler on north: access type 'edit' changed from 'edit:perm(Admin)' to ' edit:id(1) or perm(Admin)'
20-03-13 07:45:59-05 [-] LockHandler on Dave's Laboratory: access type 'control' changed from 'control:id(1) or perm(Admin)' to 'control:perm(Developer)' 
LockHandler on Dave's Laboratory: access type 'examine' changed from 'examine:perm(Builder)' to 'examine:perm(Builder)' 
LockHandler on Dave's Laboratory: access type 'view' changed from 'view:all()' to 'view:all()' 
LockHandler on Dave's Laboratory: access type 'edit' changed from ' edit:id(1) or perm(Admin)' to 'edit:perm(Admin)' 
LockHandler on Dave's Laboratory: access type 'delete' changed from ' delete:id(1) or perm(Admin)' to 'delete:perm(Admin)' 
LockHandler on Dave's Laboratory: access type 'get' changed from 'get:false()' to 'get:all()' 
LockHandler on Dave's Laboratory: access type 'drop' changed from 'drop:holds()' to 'drop:holds()' 
LockHandler on Dave's Laboratory: access type 'call' changed from 'call:true()' to 'call:true()' 
LockHandler on Dave's Laboratory: access type 'tell' changed from 'tell:perm(Admin)' to 'tell:perm(Admin)' 
LockHandler on Dave's Laboratory: access type 'puppet' changed from 'puppet:false()' to 'puppet:pperm(Developer)'
20-03-13 07:45:59-05 [-] LockHandler on Dave's Laboratory: access type 'get' changed from 'get:all()' to 'get:false()' 
LockHandler on Dave's Laboratory: access type 'puppet' changed from 'puppet:pperm(Developer)' to 'puppet:false()'
20-03-13 08:06:37-05 [-] LockHandler on Dave's Laboratory: access type 'control' changed from 'control:perm(Developer)' to 'control:perm(Developer)' 
LockHandler on Dave's Laboratory: access type 'examine' changed from 'examine:perm(Builder)' to 'examine:perm(Builder)' 
LockHandler on Dave's Laboratory: access type 'view' changed from 'view:all()' to 'view:all()' 
LockHandler on Dave's Laboratory: access type 'edit' changed from 'edit:perm(Admin)' to 'edit:perm(Admin)' 
LockHandler on Dave's Laboratory: access type 'delete' changed from 'delete:perm(Admin)' to 'delete:perm(Admin)' 
LockHandler on Dave's Laboratory: access type 'get' changed from 'get:false()' to 'get:all()' 
LockHandler on Dave's Laboratory: access type 'drop' changed from 'drop:holds()' to 'drop:holds()' 
LockHandler on Dave's Laboratory: access type 'call' changed from 'call:true()' to 'call:true()' 
LockHandler on Dave's Laboratory: access type 'tell' changed from 'tell:perm(Admin)' to 'tell:perm(Admin)' 
LockHandler on Dave's Laboratory: access type 'puppet' changed from 'puppet:false()' to 'puppet:pperm(Developer)'
20-03-13 08:06:37-05 [-] LockHandler on Dave's Laboratory: access type 'get' changed from 'get:all()' to 'get:false()' 
LockHandler on Dave's Laboratory: access type 'puppet' changed from 'puppet:pperm(Developer)' to 'puppet:false()'
20-03-13 08:33:55-05 [-] LockHandler on Dave's Laboratory: access type 'control' changed from 'control:perm(Developer)' to 'control:perm(Developer)' 
LockHandler on Dave's Laboratory: access type 'examine' changed from 'examine:perm(Builder)' to 'examine:perm(Builder)' 
LockHandler on Dave's Laboratory: access type 'view' changed from 'view:all()' to 'view:all()' 
LockHandler on Dave's Laboratory: access type 'edit' changed from 'edit:perm(Admin)' to 'edit:perm(Admin)' 
LockHandler on Dave's Laboratory: access type 'delete' changed from 'delete:perm(Admin)' to 'delete:perm(Admin)' 
LockHandler on Dave's Laboratory: access type 'get' changed from 'get:false()' to 'get:all()' 
LockHandler on Dave's Laboratory: access type 'drop' changed from 'drop:holds()' to 'drop:holds()' 
LockHandler on Dave's Laboratory: access type 'call' changed from 'call:true()' to 'call:true()' 
LockHandler on Dave's Laboratory: access type 'tell' changed from 'tell:perm(Admin)' to 'tell:perm(Admin)' 
LockHandler on Dave's Laboratory: access type 'puppet' changed from 'puppet:false()' to 'puppet:pperm(Developer)'
20-03-13 08:33:55-05 [-] LockHandler on Dave's Laboratory: access type 'get' changed from 'get:all()' to 'get:false()' 
LockHandler on Dave's Laboratory: access type 'puppet' changed from 'puppet:pperm(Developer)' to 'puppet:false()'
20-03-13 08:41:07-05 [-] LockHandler on Dave's Laboratory: access type 'control' changed from 'control:perm(Developer)' to 'control:perm(Developer)' 
LockHandler on Dave's Laboratory: access type 'examine' changed from 'examine:perm(Builder)' to 'examine:perm(Builder)' 
LockHandler on Dave's Laboratory: access type 'view' changed from 'view:all()' to 'view:all()' 
LockHandler on Dave's Laboratory: access type 'edit' changed from 'edit:perm(Admin)' to 'edit:perm(Admin)' 
LockHandler on Dave's Laboratory: access type 'delete' changed from 'delete:perm(Admin)' to 'delete:perm(Admin)' 
LockHandler on Dave's Laboratory: access type 'get' changed from 'get:false()' to 'get:all()' 
LockHandler on Dave's Laboratory: access type 'drop' changed from 'drop:holds()' to 'drop:holds()' 
LockHandler on Dave's Laboratory: access type 'call' changed from 'call:true()' to 'call:true()' 
LockHandler on Dave's Laboratory: access type 'tell' changed from 'tell:perm(Admin)' to 'tell:perm(Admin)' 
LockHandler on Dave's Laboratory: access type 'puppet' changed from 'puppet:false()' to 'puppet:pperm(Developer)'
20-03-13 08:41:07-05 [-] LockHandler on Dave's Laboratory: access type 'get' changed from 'get:all()' to 'get:false()' 
LockHandler on Dave's Laboratory: access type 'puppet' changed from 'puppet:pperm(Developer)' to 'puppet:false()'
20-03-14 23:06:34-05 [-] LockHandler on bill: access type 'get' changed from 'get:all()' to 'get:false()' 
LockHandler on bill: access type 'call' changed from 'call:true()' to 'call:false()'
20-03-14 23:06:34-05 [-] LockHandler on bill: access type 'puppet' changed from 'puppet:pperm(Developer)' to 'puppet:id(8) or pid(2) or perm(Developer) or pperm(Developer)' 
LockHandler on bill: access type 'delete' changed from 'delete:perm(Admin)' to 'delete:id(2) or perm(Admin)'
20-03-14 23:10:25-05 [-] LockHandler on bill: access type 'control' changed from 'control:perm(Developer)' to 'control:perm(Developer)' 
LockHandler on bill: access type 'examine' changed from 'examine:perm(Builder)' to 'examine:perm(Builder)' 
LockHandler on bill: access type 'view' changed from 'view:all()' to 'view:all()' 
LockHandler on bill: access type 'edit' changed from 'edit:perm(Admin)' to 'edit:perm(Admin)' 
LockHandler on bill: access type 'delete' changed from 'delete:id(2) or perm(Admin)' to 'delete:perm(Admin)' 
LockHandler on bill: access type 'get' changed from 'get:false()' to 'get:all()' 
LockHandler on bill: access type 'drop' changed from 'drop:holds()' to 'drop:holds()' 
LockHandler on bill: access type 'call' changed from 'call:false()' to 'call:true()' 
LockHandler on bill: access type 'tell' changed from 'tell:perm(Admin)' to 'tell:perm(Admin)' 
LockHandler on bill: access type 'puppet' changed from 'puppet:id(8) or pid(2) or perm(Developer) or pperm(Developer)' to 'puppet:pperm(Developer)'
20-03-14 23:10:25-05 [-] LockHandler on bill: access type 'get' changed from 'get:all()' to 'get:false()' 
LockHandler on bill: access type 'call' changed from 'call:true()' to 'call:false()'
20-03-14 23:18:02-05 [-] LockHandler on dave: access type 'control' changed from 'control:perm(Developer)' to 'control:perm(Developer)' 
LockHandler on dave: access type 'examine' changed from 'examine:perm(Developer)' to 'examine:perm(Builder)' 
LockHandler on dave: access type 'view' changed from 'view:all()' to 'view:all()' 
LockHandler on dave: access type 'edit' changed from 'edit:false()' to 'edit:perm(Admin)' 
LockHandler on dave: access type 'delete' changed from 'delete:false()' to 'delete:perm(Admin)' 
LockHandler on dave: access type 'get' changed from 'get:false()' to 'get:all()' 
LockHandler on dave: access type 'drop' changed from 'drop:holds()' to 'drop:holds()' 
LockHandler on dave: access type 'call' changed from 'call:false()' to 'call:true()' 
LockHandler on dave: access type 'tell' changed from 'tell:perm(Admin)' to 'tell:perm(Admin)' 
LockHandler on dave: access type 'puppet' changed from 'puppet:false()' to 'puppet:pperm(Developer)'
20-03-14 23:18:02-05 [-] LockHandler on dave: access type 'get' changed from 'get:all()' to 'get:false()' 
LockHandler on dave: access type 'call' changed from 'call:true()' to 'call:false()'
20-03-14 23:24:43-05 [-] LockHandler on mudlet: access type 'get' changed from 'get:all()' to 'get:false()' 
LockHandler on mudlet: access type 'call' changed from 'call:true()' to 'call:false()'
20-03-14 23:24:43-05 [-] LockHandler on mudlet: access type 'puppet' changed from 'puppet:pperm(Developer)' to 'puppet:id(9) or pid(3) or perm(Developer) or pperm(Developer)' 
LockHandler on mudlet: access type 'delete' changed from 'delete:perm(Admin)' to 'delete:id(3) or perm(Admin)'
20-03-14 23:30:58-05 [-] LockHandler on bill: access type 'control' changed from 'control:perm(Developer)' to 'control:perm(Developer)' 
LockHandler on bill: access type 'examine' changed from 'examine:perm(Builder)' to 'examine:perm(Builder)' 
LockHandler on bill: access type 'view' changed from 'view:all()' to 'view:all()' 
LockHandler on bill: access type 'edit' changed from 'edit:perm(Admin)' to 'edit:perm(Admin)' 
LockHandler on bill: access type 'delete' changed from 'delete:perm(Admin)' to 'delete:perm(Admin)' 
LockHandler on bill: access type 'get' changed from 'get:false()' to 'get:all()' 
LockHandler on bill: access type 'drop' changed from 'drop:holds()' to 'drop:holds()' 
LockHandler on bill: access type 'call' changed from 'call:false()' to 'call:true()' 
LockHandler on bill: access type 'tell' changed from 'tell:perm(Admin)' to 'tell:perm(Admin)' 
LockHandler on bill: access type 'puppet' changed from 'puppet:pperm(Developer)' to 'puppet:pperm(Developer)'
20-03-14 23:30:58-05 [-] LockHandler on bill: access type 'get' changed from 'get:all()' to 'get:false()' 
LockHandler on bill: access type 'call' changed from 'call:true()' to 'call:false()'
20-03-14 23:31:46-05 [-] LockHandler on bill: access type 'control' changed from 'control:perm(Developer)' to 'control:perm(Developer)' 
LockHandler on bill: access type 'examine' changed from 'examine:perm(Builder)' to 'examine:perm(Builder)' 
LockHandler on bill: access type 'view' changed from 'view:all()' to 'view:all()' 
LockHandler on bill: access type 'edit' changed from 'edit:perm(Admin)' to 'edit:perm(Admin)' 
LockHandler on bill: access type 'delete' changed from 'delete:perm(Admin)' to 'delete:perm(Admin)' 
LockHandler on bill: access type 'get' changed from 'get:false()' to 'get:all()' 
LockHandler on bill: access type 'drop' changed from 'drop:holds()' to 'drop:holds()' 
LockHandler on bill: access type 'call' changed from 'call:false()' to 'call:true()' 
LockHandler on bill: access type 'tell' changed from 'tell:perm(Admin)' to 'tell:perm(Admin)' 
LockHandler on bill: access type 'puppet' changed from 'puppet:pperm(Developer)' to 'puppet:pperm(Developer)'
20-03-14 23:31:46-05 [-] LockHandler on bill: access type 'get' changed from 'get:all()' to 'get:false()' 
LockHandler on bill: access type 'call' changed from 'call:true()' to 'call:false()'
20-03-14 23:31:54-05 [-] LockHandler on bill: access type 'control' changed from 'control:perm(Developer)' to 'control:perm(Developer)' 
LockHandler on bill: access type 'examine' changed from 'examine:perm(Builder)' to 'examine:perm(Builder)' 
LockHandler on bill: access type 'view' changed from 'view:all()' to 'view:all()' 
LockHandler on bill: access type 'edit' changed from 'edit:perm(Admin)' to 'edit:perm(Admin)' 
LockHandler on bill: access type 'delete' changed from 'delete:perm(Admin)' to 'delete:perm(Admin)' 
LockHandler on bill: access type 'get' changed from 'get:false()' to 'get:all()' 
LockHandler on bill: access type 'drop' changed from 'drop:holds()' to 'drop:holds()' 
LockHandler on bill: access type 'call' changed from 'call:false()' to 'call:true()' 
LockHandler on bill: access type 'tell' changed from 'tell:perm(Admin)' to 'tell:perm(Admin)' 
LockHandler on bill: access type 'puppet' changed from 'puppet:pperm(Developer)' to 'puppet:pperm(Developer)'
20-03-14 23:31:54-05 [-] LockHandler on bill: access type 'get' changed from 'get:all()' to 'get:false()' 
LockHandler on bill: access type 'call' changed from 'call:true()' to 'call:false()'
20-03-14 23:33:05-05 [-] LockHandler on bill: access type 'control' changed from 'control:perm(Developer)' to 'control:perm(Developer)' 
LockHandler on bill: access type 'examine' changed from 'examine:perm(Builder)' to 'examine:perm(Builder)' 
LockHandler on bill: access type 'view' changed from 'view:all()' to 'view:all()' 
LockHandler on bill: access type 'edit' changed from 'edit:perm(Admin)' to 'edit:perm(Admin)' 
LockHandler on bill: access type 'delete' changed from 'delete:perm(Admin)' to 'delete:perm(Admin)' 
LockHandler on bill: access type 'get' changed from 'get:false()' to 'get:all()' 
LockHandler on bill: access type 'drop' changed from 'drop:holds()' to 'drop:holds()' 
LockHandler on bill: access type 'call' changed from 'call:false()' to 'call:true()' 
LockHandler on bill: access type 'tell' changed from 'tell:perm(Admin)' to 'tell:perm(Admin)' 
LockHandler on bill: access type 'puppet' changed from 'puppet:pperm(Developer)' to 'puppet:pperm(Developer)'
20-03-14 23:33:05-05 [-] LockHandler on bill: access type 'get' changed from 'get:all()' to 'get:false()' 
LockHandler on bill: access type 'call' changed from 'call:true()' to 'call:false()'
20-03-14 23:35:03-05 [-] LockHandler on dave: access type 'control' changed from 'control:perm(Developer)' to 'control:perm(Developer)' 
LockHandler on dave: access type 'examine' changed from 'examine:perm(Builder)' to 'examine:perm(Builder)' 
LockHandler on dave: access type 'view' changed from 'view:all()' to 'view:all()' 
LockHandler on dave: access type 'edit' changed from 'edit:perm(Admin)' to 'edit:perm(Admin)' 
LockHandler on dave: access type 'delete' changed from 'delete:perm(Admin)' to 'delete:perm(Admin)' 
LockHandler on dave: access type 'get' changed from 'get:false()' to 'get:all()' 
LockHandler on dave: access type 'drop' changed from 'drop:holds()' to 'drop:holds()' 
LockHandler on dave: access type 'call' changed from 'call:false()' to 'call:true()' 
LockHandler on dave: access type 'tell' changed from 'tell:perm(Admin)' to 'tell:perm(Admin)' 
LockHandler on dave: access type 'puppet' changed from 'puppet:pperm(Developer)' to 'puppet:pperm(Developer)'
20-03-14 23:35:03-05 [-] LockHandler on dave: access type 'get' changed from 'get:all()' to 'get:false()' 
LockHandler on dave: access type 'call' changed from 'call:true()' to 'call:false()'